<?xml version="1.0" encoding="UTF-8"?>
<testng-results ignored="0" total="1" passed="1" failed="0" skipped="0">
  <reporter-output>
  </reporter-output>
  <suite started-at="2022-05-11T14:37:12 IST" name="Default suite" finished-at="2022-05-11T14:37:17 IST" duration-ms="4954">
    <groups>
    </groups>
    <test started-at="2022-05-11T14:37:12 IST" name="Default test" finished-at="2022-05-11T14:37:17 IST" duration-ms="4954">
      <class name="scenario.get">
        <test-method signature="generate_token()[pri:0, instance:scenario.get@25084a1e]" started-at="2022-05-11T14:37:12 IST" name="generate_token" finished-at="2022-05-11T14:37:17 IST" duration-ms="4928" status="PASS">
          <reporter-output>
          </reporter-output>
        </test-method> <!-- generate_token -->
      </class> <!-- scenario.get -->
    </test> <!-- Default test -->
  </suite> <!-- Default suite -->
</testng-results>
